<?xml version="1.0" encoding="UTF-8"?>
<testsuite name="poo.ApplicationTests" tests="1" skipped="0" failures="0" errors="0" timestamp="2025-10-28T11:45:08.201Z" hostname="labufg" time="0.468">
  <properties/>
  <testcase name="contextLoads()" classname="poo.ApplicationTests" time="0.468"/>
  <system-out><![CDATA[08:45:07.054 [Test worker] INFO org.springframework.test.context.support.AnnotationConfigContextLoaderUtils -- Could not detect default configuration classes for test class [poo.ApplicationTests]: ApplicationTests does not declare any static, non-private, non-final, nested classes annotated with @Configuration.
08:45:07.135 [Test worker] INFO org.springframework.boot.test.context.SpringBootTestContextBootstrapper -- Found @SpringBootConfiguration poo.Application for test class poo.ApplicationTests

  .   ____          _            __ _ _
 /\\ / ___'_ __ _ _(_)_ __  __ _ \ \ \ \
( ( )\___ | '_ | '_| | '_ \/ _` | \ \ \ \
 \\/  ___)| |_)| | | | | || (_| |  ) ) ) )
  '  |____| .__|_| |_|_| |_\__, | / / / /
 =========|_|==============|___/=/_/_/_/

 :: Spring Boot ::                (v3.5.7)

2025-10-28T08:45:07.447-03:00  INFO 47705 --- [demo] [    Test worker] poo.ApplicationTests                     : Starting ApplicationTests using Java 17.0.16 with PID 47705 (started by aluno in /home/aluno/IdeaProjects/zip_correto)
2025-10-28T08:45:07.449-03:00  INFO 47705 --- [demo] [    Test worker] poo.ApplicationTests                     : No active profile set, falling back to 1 default profile: "default"
2025-10-28T08:45:08.191-03:00  INFO 47705 --- [demo] [    Test worker] poo.ApplicationTests                     : Started ApplicationTests in 0.96 seconds (process running for 1.726)
]]></system-out>
  <system-err><![CDATA[]]></system-err>
</testsuite>
